  Lesson1-FindClient.cpp
E:\IT.  Level (1)\Progrmming\ابو هدهو\تطبيقات كورسات ابو هدهود\حل المشاكل الكورس 11\Currency Exchange\Lesson1-FindClient\Lesson1-FindClient\clsString.h(44,1): warning C4267: 'return': conversion from 'size_t' to 'short', possible loss of data
E:\IT.  Level (1)\Progrmming\ابو هدهو\تطبيقات كورسات ابو هدهود\حل المشاكل الكورس 11\Currency Exchange\Lesson1-FindClient\Lesson1-FindClient\clsString.h(49,1): warning C4267: 'return': conversion from 'size_t' to 'short', possible loss of data
E:\IT.  Level (1)\Progrmming\ابو هدهو\تطبيقات كورسات ابو هدهود\حل المشاكل الكورس 11\Currency Exchange\Lesson1-FindClient\Lesson1-FindClient\clsString.h(61,1): warning C4267: '=': conversion from 'size_t' to 'short', possible loss of data
E:\IT.  Level (1)\Progrmming\ابو هدهو\تطبيقات كورسات ابو هدهود\حل المشاكل الكورس 11\Currency Exchange\Lesson1-FindClient\Lesson1-FindClient\clsString.h(198,1): warning C4267: 'return': conversion from 'size_t' to 'short', possible loss of data
E:\IT.  Level (1)\Progrmming\ابو هدهو\تطبيقات كورسات ابو هدهود\حل المشاكل الكورس 11\Currency Exchange\Lesson1-FindClient\Lesson1-FindClient\clsString.h(329,1): warning C4267: '=': conversion from 'size_t' to 'short', possible loss of data
E:\IT.  Level (1)\Progrmming\ابو هدهو\تطبيقات كورسات ابو هدهود\حل المشاكل الكورس 11\Currency Exchange\Lesson1-FindClient\Lesson1-FindClient\clsString.h(377,1): warning C4267: 'initializing': conversion from 'size_t' to 'short', possible loss of data
E:\IT.  Level (1)\Progrmming\ابو هدهو\تطبيقات كورسات ابو هدهود\حل المشاكل الكورس 11\Currency Exchange\Lesson1-FindClient\Lesson1-FindClient\clsUpDateClientScreen.h(98,12): warning C4566: character represented by universal-character-name '\u2713' cannot be represented in the current code page (1256)
E:\IT.  Level (1)\Progrmming\ابو هدهو\تطبيقات كورسات ابو هدهود\حل المشاكل الكورس 11\Currency Exchange\Lesson1-FindClient\Lesson1-FindClient\clsUpDateClientScreen.h(101,12): warning C4566: character represented by universal-character-name '\u2717' cannot be represented in the current code page (1256)
E:\IT.  Level (1)\Progrmming\ابو هدهو\تطبيقات كورسات ابو هدهود\حل المشاكل الكورس 11\Currency Exchange\Lesson1-FindClient\Lesson1-FindClient\clsUpDateClientScreen.h(104,12): warning C4566: character represented by universal-character-name '\u2717' cannot be represented in the current code page (1256)
E:\IT.  Level (1)\Progrmming\ابو هدهو\تطبيقات كورسات ابو هدهود\حل المشاكل الكورس 11\Currency Exchange\Lesson1-FindClient\Lesson1-FindClient\clsWithdrawScreen.h(29,21): warning C4129: 'W': unrecognized character escape sequence
E:\IT.  Level (1)\Progrmming\ابو هدهو\تطبيقات كورسات ابو هدهود\حل المشاكل الكورس 11\Currency Exchange\Lesson1-FindClient\Lesson1-FindClient\clsTotalBalancesScreen.h(57,82): warning C4244: 'argument': conversion from 'double' to 'long', possible loss of data
E:\IT.  Level (1)\Progrmming\ابو هدهو\تطبيقات كورسات ابو هدهود\حل المشاكل الكورس 11\Currency Exchange\Lesson1-FindClient\Lesson1-FindClient\clsShowTransferScreen.h(55,23): warning C4129: 'T': unrecognized character escape sequence
E:\IT.  Level (1)\Progrmming\ابو هدهو\تطبيقات كورسات ابو هدهود\حل المشاكل الكورس 11\Currency Exchange\Lesson1-FindClient\Lesson1-FindClient\clsListUserScreen.h(50,1): warning C4267: '=': conversion from 'size_t' to 'int', possible loss of data
E:\IT.  Level (1)\Progrmming\ابو هدهو\تطبيقات كورسات ابو هدهود\حل المشاكل الكورس 11\Currency Exchange\Lesson1-FindClient\Lesson1-FindClient\clsAddNewUserScreen.h(52,40): warning C4129: 'L': unrecognized character escape sequence
E:\IT.  Level (1)\Progrmming\ابو هدهو\تطبيقات كورسات ابو هدهود\حل المشاكل الكورس 11\Currency Exchange\Lesson1-FindClient\Lesson1-FindClient\clsUpdateUserScreen.h(95,40): warning C4129: 'L': unrecognized character escape sequence
E:\IT.  Level (1)\Progrmming\ابو هدهو\تطبيقات كورسات ابو هدهود\حل المشاكل الكورس 11\Currency Exchange\Lesson1-FindClient\Lesson1-FindClient\clsUpdateUserScreen.h(142,12): warning C4566: character represented by universal-character-name '\u2713' cannot be represented in the current code page (1256)
E:\IT.  Level (1)\Progrmming\ابو هدهو\تطبيقات كورسات ابو هدهود\حل المشاكل الكورس 11\Currency Exchange\Lesson1-FindClient\Lesson1-FindClient\clsUpdateUserScreen.h(145,12): warning C4566: character represented by universal-character-name '\u2717' cannot be represented in the current code page (1256)
E:\IT.  Level (1)\Progrmming\ابو هدهو\تطبيقات كورسات ابو هدهود\حل المشاكل الكورس 11\Currency Exchange\Lesson1-FindClient\Lesson1-FindClient\clsUpdateUserScreen.h(148,12): warning C4566: character represented by universal-character-name '\u2717' cannot be represented in the current code page (1256)
E:\IT.  Level (1)\Progrmming\ابو هدهو\تطبيقات كورسات ابو هدهود\حل المشاكل الكورس 11\Currency Exchange\Lesson1-FindClient\Lesson1-FindClient\clsShowUpdateScreen.h(30,51): warning C4244: '=': conversion from 'double' to 'float', possible loss of data
E:\IT.  Level (1)\Progrmming\ابو هدهو\تطبيقات كورسات ابو هدهود\حل المشاكل الكورس 11\Currency Exchange\Lesson1-FindClient\Lesson1-FindClient\clsShowCurrencyCalculatorScreen.h(42,52): warning C4244: '=': conversion from 'double' to 'float', possible loss of data
E:\IT.  Level (1)\Progrmming\ابو هدهو\تطبيقات كورسات ابو هدهود\حل المشاكل الكورس 11\Currency Exchange\Lesson1-FindClient\Lesson1-FindClient\clsLoginScreen.h(57,21): warning C4129: 'L': unrecognized character escape sequence
E:\IT.  Level (1)\Progrmming\ابو هدهو\تطبيقات كورسات ابو هدهود\حل المشاكل الكورس 11\Currency Exchange\Lesson1-FindClient\Lesson1-FindClient\clsBankClient.h(370): warning C4715: 'clsBankClient::Save': not all control paths return a value
E:\IT.  Level (1)\Progrmming\ابو هدهو\تطبيقات كورسات ابو هدهود\حل المشاكل الكورس 11\Currency Exchange\Lesson1-FindClient\Lesson1-FindClient\clsBankClient.h(439): warning C4715: 'clsBankClient::Withdraw': not all control paths return a value
E:\IT.  Level (1)\Progrmming\ابو هدهو\تطبيقات كورسات ابو هدهود\حل المشاكل الكورس 11\Currency Exchange\Lesson1-FindClient\Lesson1-FindClient\clsUser.h(375): warning C4715: 'clsUser::Save': not all control paths return a value
E:\IT.  Level (1)\Progrmming\ابو هدهو\تطبيقات كورسات ابو هدهود\حل المشاكل الكورس 11\Currency Exchange\Lesson1-FindClient\Lesson1-FindClient\clsCurrency.h(173): warning C4715: 'clsCurrency::FindByCode': not all control paths return a value
E:\IT.  Level (1)\Progrmming\ابو هدهو\تطبيقات كورسات ابو هدهود\حل المشاكل الكورس 11\Currency Exchange\Lesson1-FindClient\Lesson1-FindClient\clsCurrency.h(199): warning C4715: 'clsCurrency::FindByCountryName': not all control paths return a value
  Lesson1-FindClient.vcxproj -> E:\IT.  Level (1)\Progrmming\ابو هدهو\تطبيقات كورسات ابو هدهود\حل المشاكل الكورس 11\Currency Exchange\Lesson1-FindClient\x64\Debug\Lesson1-FindClient.exe
